<?xml version="1.0" encoding="UTF-8"?>
<!-- Generated by org.testng.reporters.JUnitReportReporter -->
<testsuite skipped="0" hostname="LK-LP-914" name="TestNg.TestNgBasics" tests="1" failures="0" timestamp="2020-03-11T16:58:24 IST" time="0.001" errors="0">
  <testcase name="test1" time="0.001" classname="TestNg.TestNgBasics"/>
  <system-out/>
</testsuite> <!-- TestNg.TestNgBasics -->
